2023-01-31 11:48:05 [main] INFO  o.s.t.c.s.AnnotationConfigContextLoaderUtils - Could not detect default configuration classes for test class [com.microservices.demo.twitter.to.kafka.service.TwitterToKafkaServiceApplicationTests]: TwitterToKafkaServiceApplicationTests does not declare any static, non-private, non-final, nested classes annotated with @Configuration.
2023-01-31 11:48:05 [main] INFO  o.s.b.t.c.SpringBootTestContextBootstrapper - Found @SpringBootConfiguration com.microservices.demo.twitter.to.kafka.service.TwitterToKafkaServiceApplication for test class com.microservices.demo.twitter.to.kafka.service.TwitterToKafkaServiceApplicationTests
2023-01-31 11:48:05 [main] WARN  o.s.b.t.j.DuplicateJsonObjectContextCustomizerFactory$DuplicateJsonObjectContextCustomizer - 

Found multiple occurrences of org.json.JSONObject on the class path:

	jar:file:/C:/Users/rayan/.m2/repository/com/vaadin/external/google/android-json/0.0.20131108.vaadin1/android-json-0.0.20131108.vaadin1.jar!/org/json/JSONObject.class
	jar:file:/C:/Users/rayan/.m2/repository/org/json/json/20140107/json-20140107.jar!/org/json/JSONObject.class

You may wish to exclude one of them to ensure predictable runtime behavior

2023-01-31 11:48:05 [main] INFO  c.m.d.t.t.k.s.TwitterToKafkaServiceApplicationTests - Starting TwitterToKafkaServiceApplicationTests using Java 17.0.4.1 with PID 45232 (started by rayan in C:\Users\rayan\IdeaProjects\microservices-demo\twitter-to-kafka-service)
2023-01-31 11:48:05 [main] INFO  c.m.d.t.t.k.s.TwitterToKafkaServiceApplicationTests - No active profile set, falling back to 1 default profile: "default"
2023-01-31 11:48:06 [main] INFO  c.m.d.t.t.k.s.TwitterToKafkaServiceApplicationTests - Started TwitterToKafkaServiceApplicationTests in 0.969 seconds (process running for 2.443)
2023-01-31 11:48:06 [main] INFO  c.m.d.t.t.k.s.TwitterToKafkaServiceApplication - App starts...
2023-01-31 11:48:06 [main] INFO  c.m.d.t.t.k.s.TwitterToKafkaServiceApplication - Hello World!
2023-01-31 11:48:06 [main] INFO  c.m.d.t.t.k.s.TwitterToKafkaServiceApplication - [Java, Microservices, Spring, Kafka, Elasticsearch]
2023-01-31 11:48:08 [main] INFO  c.m.d.t.t.k.s.r.i.TwitterKafkaStreamRunner - Exception when calling TweetsApi#searchStream
2023-01-31 11:48:08 [main] INFO  c.m.d.t.t.k.s.r.i.TwitterKafkaStreamRunner - Status code: 401
2023-01-31 11:48:08 [main] INFO  c.m.d.t.t.k.s.r.i.TwitterKafkaStreamRunner - Reason: {
  "title": "Unauthorized",
  "type": "about:blank",
  "status": 401,
  "detail": "Unauthorized"
}
2023-01-31 11:48:08 [main] INFO  c.m.d.t.t.k.s.r.i.TwitterKafkaStreamRunner - Response headers: {cache-control=[no-cache, no-store, max-age=0], content-length=[99], content-type=[application/problem+json], date=[Tue, 31 Jan 2023 14:48:07 GMT], perf=[7626143928], server=[tsa_d], x-connection-hash=[842871b3e52594dbd58f2d7fd3c9d384fe8c8c07f5f2f100ccc2f59b5bcc1561], x-response-time=[119], x-transaction-id=[55d5b35ae1613a31]}
